<?xml version="1.0" encoding="UTF-8"?>
<robot generator="Robot 6.0.1 (Python 3.11.1 on win32)" generated="20221219 11:21:17.669" rpa="false" schemaversion="3">
<suite id="s1" name="Tests-Serverest" source="C:\Users\joao.mota\OneDrive - COMPASSO TECNOLOGIA LTDA\Documentos\Compass UOL\QA\Automação de Testes\robotframework-seleniumlibrary\serverest-seleniumlibrary\tests-serverest.robot">
<test id="s1-t1" name="Cenário: Cadastrar Usuário" line="12">
<kw name="Acessar Site Serverest" library="keywords-serverest" type="SETUP">
<kw name="Open Browser" library="SeleniumLibrary">
<arg>${URL}</arg>
<arg>${BROWSER}</arg>
<doc>Opens a new browser instance to the optional ``url``.</doc>
<msg timestamp="20221219 11:21:18.130" level="INFO">Opening browser 'googlechrome' to base url 'https://front.serverest.dev/login'.</msg>
<status status="PASS" starttime="20221219 11:21:18.129" endtime="20221219 11:21:21.780"/>
</kw>
<kw name="Maximize Browser Window" library="SeleniumLibrary">
<doc>Maximizes current browser window.</doc>
<status status="PASS" starttime="20221219 11:21:21.780" endtime="20221219 11:21:21.985"/>
</kw>
<status status="PASS" starttime="20221219 11:21:18.129" endtime="20221219 11:21:21.985"/>
</kw>
<kw name="Pagina de Cadastro" library="keywords-serverest">
<kw name="Wait Until Element Is Visible" library="SeleniumLibrary">
<arg>${CADASTRO}</arg>
<doc>Waits until the element ``locator`` is visible.</doc>
<status status="PASS" starttime="20221219 11:21:21.987" endtime="20221219 11:21:22.017"/>
</kw>
<kw name="Click Element" library="SeleniumLibrary">
<arg>${CADASTRO}</arg>
<doc>Click the element identified by ``locator``.</doc>
<msg timestamp="20221219 11:21:22.018" level="INFO">Clicking element 'xpath=//a[@data-testid='cadastrar'][contains(.,'Cadastre-se')]'.</msg>
<status status="PASS" starttime="20221219 11:21:22.017" endtime="20221219 11:21:22.060"/>
</kw>
<kw name="Wait Until Page Contains" library="SeleniumLibrary">
<arg>Cadastro</arg>
<doc>Waits until ``text`` appears on the current page.</doc>
<status status="PASS" starttime="20221219 11:21:22.060" endtime="20221219 11:21:22.073"/>
</kw>
<status status="PASS" starttime="20221219 11:21:21.987" endtime="20221219 11:21:22.073"/>
</kw>
<kw name="Criar Usuario Valido e Preencher Dados para Cadastro" library="keywords-serverest">
<kw name="Input Text" library="SeleniumLibrary">
<arg>nome</arg>
<arg>${NOME}</arg>
<doc>Types the given ``text`` into the text field identified by ``locator``.</doc>
<msg timestamp="20221219 11:21:22.074" level="INFO">Typing text 'Ramon Dino' into text field 'nome'.</msg>
<status status="PASS" starttime="20221219 11:21:22.074" endtime="20221219 11:21:22.150"/>
</kw>
<kw name="Input Text" library="SeleniumLibrary">
<arg>email</arg>
<arg>${EMAIL}</arg>
<doc>Types the given ``text`` into the text field identified by ``locator``.</doc>
<msg timestamp="20221219 11:21:22.151" level="INFO">Typing text 'dinopro@qa.com' into text field 'email'.</msg>
<status status="PASS" starttime="20221219 11:21:22.151" endtime="20221219 11:21:22.223"/>
</kw>
<kw name="Input Password" library="SeleniumLibrary">
<arg>password</arg>
<arg>${PASSWORD}</arg>
<doc>Types the given password into the text field identified by ``locator``.</doc>
<msg timestamp="20221219 11:21:22.223" level="INFO">Typing password into text field 'password'.</msg>
<msg timestamp="20221219 11:21:22.253" level="INFO">Temporally setting log level to: NONE</msg>
<msg timestamp="20221219 11:21:22.293" level="INFO">Log level changed from NONE to INFO.</msg>
<status status="PASS" starttime="20221219 11:21:22.223" endtime="20221219 11:21:22.293"/>
</kw>
<status status="PASS" starttime="20221219 11:21:22.074" endtime="20221219 11:21:22.293"/>
</kw>
<kw name="Cadastrar" library="keywords-serverest">
<kw name="Click Button" library="SeleniumLibrary">
<arg>//button[@data-testid='cadastrar'][contains(.,'Cadastrar')]</arg>
<doc>Clicks the button identified by ``locator``.</doc>
<msg timestamp="20221219 11:21:22.294" level="INFO">Clicking button '//button[@data-testid='cadastrar'][contains(.,'Cadastrar')]'.</msg>
<status status="PASS" starttime="20221219 11:21:22.294" endtime="20221219 11:21:22.345"/>
</kw>
<status status="PASS" starttime="20221219 11:21:22.294" endtime="20221219 11:21:22.345"/>
</kw>
<doc>Este teste acessa a página de cadastro de usuário e certifica
se de fato estamos acessando ela.</doc>
<tag>CADASTRO_USUARIO</tag>
<status status="PASS" starttime="20221219 11:21:18.129" endtime="20221219 11:21:22.346"/>
</test>
<doc>Esta suíte testa algumas das principais funcionalidades do site web ServeRest (https://front.serverest.dev/login).</doc>
<status status="PASS" starttime="20221219 11:21:17.671" endtime="20221219 11:21:22.346"/>
</suite>
<statistics>
<total>
<stat pass="1" fail="0" skip="0">All Tests</stat>
</total>
<tag>
<stat pass="1" fail="0" skip="0">CADASTRO_USUARIO</stat>
</tag>
<suite>
<stat pass="1" fail="0" skip="0" id="s1" name="Tests-Serverest">Tests-Serverest</stat>
</suite>
</statistics>
<errors>
</errors>
</robot>
