<?xml version="1.0" encoding="UTF-8"?>
<robot generator="Robot 6.0.1 (Python 3.11.1 on win32)" generated="20221219 15:39:06.443" rpa="false" schemaversion="3">
<suite id="s1" name="Swaglabs-Seleniumlibrary" source="C:\Users\joao.mota\OneDrive - COMPASSO TECNOLOGIA LTDA\Documentos\Compass UOL\QA\Automação de Testes\robotframework-seleniumlibrary\swaglabs-seleniumlibrary">
<suite id="s1-s1" name="Tests" source="C:\Users\joao.mota\OneDrive - COMPASSO TECNOLOGIA LTDA\Documentos\Compass UOL\QA\Automação de Testes\robotframework-seleniumlibrary\swaglabs-seleniumlibrary\tests.robot">
<test id="s1-s1-t1" name="Cenário 01: Login com usuário padrão" line="11">
<kw name="Acessar Site" library="resource" type="SETUP">
<kw name="Open Browser" library="SeleniumLibrary">
<arg>${URL}</arg>
<arg>${BROWSER}</arg>
<doc>Opens a new browser instance to the optional ``url``.</doc>
<msg timestamp="20221219 15:39:06.670" level="INFO">Opening browser 'googlechrome' to base url 'https://www.saucedemo.com/'.</msg>
<status status="PASS" starttime="20221219 15:39:06.669" endtime="20221219 15:39:09.134"/>
</kw>
<status status="PASS" starttime="20221219 15:39:06.668" endtime="20221219 15:39:09.134"/>
</kw>
<kw name="Login Usuario Padrao" library="resource">
<kw name="Input Text" library="SeleniumLibrary">
<arg>user-name</arg>
<arg>standard_user</arg>
<doc>Types the given ``text`` into the text field identified by ``locator``.</doc>
<msg timestamp="20221219 15:39:09.141" level="INFO">Typing text 'standard_user' into text field 'user-name'.</msg>
<status status="PASS" starttime="20221219 15:39:09.138" endtime="20221219 15:39:09.321"/>
</kw>
<kw name="Input Text" library="SeleniumLibrary">
<arg>password</arg>
<arg>secret_sauce</arg>
<doc>Types the given ``text`` into the text field identified by ``locator``.</doc>
<msg timestamp="20221219 15:39:09.323" level="INFO">Typing text 'secret_sauce' into text field 'password'.</msg>
<status status="PASS" starttime="20221219 15:39:09.321" endtime="20221219 15:39:09.479"/>
</kw>
<kw name="Click Button" library="SeleniumLibrary">
<arg>login-button</arg>
<doc>Clicks the button identified by ``locator``.</doc>
<msg timestamp="20221219 15:39:09.480" level="INFO">Clicking button 'login-button'.</msg>
<status status="PASS" starttime="20221219 15:39:09.479" endtime="20221219 15:39:09.554"/>
</kw>
<status status="PASS" starttime="20221219 15:39:09.136" endtime="20221219 15:39:09.555"/>
</kw>
<tag>STANDARD_USER</tag>
<status status="PASS" starttime="20221219 15:39:06.667" endtime="20221219 15:39:09.556"/>
</test>
<doc>Esta suíte testa algumas das principais funcionalidades do site Swaglabs.</doc>
<status status="PASS" starttime="20221219 15:39:06.484" endtime="20221219 15:39:09.559"/>
</suite>
<status status="PASS" starttime="20221219 15:39:06.453" endtime="20221219 15:39:09.562"/>
</suite>
<statistics>
<total>
<stat pass="1" fail="0" skip="0">All Tests</stat>
</total>
<tag>
<stat pass="1" fail="0" skip="0">STANDARD_USER</stat>
</tag>
<suite>
<stat pass="1" fail="0" skip="0" id="s1" name="Swaglabs-Seleniumlibrary">Swaglabs-Seleniumlibrary</stat>
<stat pass="1" fail="0" skip="0" id="s1-s1" name="Tests">Swaglabs-Seleniumlibrary.Tests</stat>
</suite>
</statistics>
<errors>
</errors>
</robot>
